{"level":"info","message":{"_id":"6604add0379950be0da1392b","createdAt":"2024-03-27T23:37:52.831Z","name":"Test project453","updatedAt":"2024-03-27T23:37:52.831Z"},"service":"project-service"}
{"level":"info","message":{"_id":"6604b24610df07c36e89a8a8","createdAt":"2024-03-27T23:56:54.814Z","name":"Test project453","updatedAt":"2024-03-27T23:56:54.814Z"},"service":"project-service"}
{"level":"info","message":{"_id":"6604b24c10df07c36e89a8aa","createdAt":"2024-03-27T23:57:00.204Z","name":"Test project453","updatedAt":"2024-03-27T23:57:00.204Z"},"service":"project-service"}
{"level":"info","message":{"_id":"6604b26b10df07c36e89a8ac","createdAt":"2024-03-27T23:57:31.433Z","name":"Test project453","updatedAt":"2024-03-27T23:57:31.433Z"},"service":"project-service"}
{"level":"info","message":{"_id":"6604b27d0f8b4fbfff5e97f5","createdAt":"2024-03-27T23:57:49.897Z","name":"Test project453","updatedAt":"2024-03-27T23:57:49.897Z"},"service":"project-service"}
{"level":"info","message":{"_id":"6604b43014e678dcbf73e7d0","createdAt":"2024-03-28T00:05:04.880Z","updatedAt":"2024-03-28T00:05:04.880Z"},"service":"project-service"}
{"level":"info","message":{"_id":"6604b445ddebd665b7e1ba09","createdAt":"2024-03-28T00:05:25.670Z","name":"Test project453","updatedAt":"2024-03-28T00:05:25.670Z"},"service":"project-service"}
{"level":"info","message":{"_id":"6604b449ddebd665b7e1ba0b","createdAt":"2024-03-28T00:05:29.154Z","name":"Test project453","updatedAt":"2024-03-28T00:05:29.154Z"},"service":"project-service"}
{"level":"info","message":{"_id":"6604b47f19c78a8977b7712c","createdAt":"2024-03-28T00:06:23.497Z","name":"Test project453","updatedAt":"2024-03-28T00:06:23.497Z"},"service":"project-service"}
{"level":"info","message":{"_id":"6604b48219c78a8977b7712e","createdAt":"2024-03-28T00:06:26.741Z","name":"Test project453","updatedAt":"2024-03-28T00:06:26.741Z"},"service":"project-service"}
{"level":"info","message":{"_id":"6604b4ffaf1706b419971c31","createdAt":"2024-03-28T00:08:31.449Z","name":"Test project453","updatedAt":"2024-03-28T00:08:31.449Z"},"service":"project-service"}
{"level":"info","message":{"_id":"6604b5099feb91a4fb2e359a","createdAt":"2024-03-28T00:08:41.723Z","name":"Test project453","updatedAt":"2024-03-28T00:08:41.723Z","user_id":"6604adc2379950be0da13929"},"service":"project-service"}
{"level":"info","message":{"_id":"6604c3df0c2fcb688ce0cfac","createdAt":"2024-03-28T01:11:59.573Z","name":"Test project453","updatedAt":"2024-03-28T01:11:59.573Z","user_id":"6604adc2379950be0da13929"},"service":"project-service"}
{"level":"info","message":{"_id":"660c77071138688ddbca207e","createdAt":"2024-04-02T21:22:15.146Z","name":"azamat test todo","updatedAt":"2024-04-02T21:22:15.146Z","user_id":"660c647661ba5b540c68d1a7"},"service":"project-service"}
{"level":"info","message":{"_id":"660f1b50e56c25c12ce6f2e5","createdAt":"2024-04-04T21:27:44.959Z","name":"azamat test todo","updatedAt":"2024-04-04T21:27:44.959Z","user_id":"660d3ab82a7c401729d1a8b9"},"service":"project-service"}
{"level":"info","message":{"_id":"660f24fd6498ac0f0a69cbe0","createdAt":"2024-04-04T22:09:01.280Z","name":"azamat test project","updatedAt":"2024-04-04T22:09:01.280Z","user_id":"660d3ab82a7c401729d1a8b9"},"service":"project-service"}
{"level":"info","message":{"_id":"6610584153d839a1587adef1","createdAt":"2024-04-05T20:00:01.626Z","name":"azamat test project","updatedAt":"2024-04-05T20:00:01.626Z","user_id":"660d3ab82a7c401729d1a8b9"},"service":"project-service"}
{"level":"info","message":{"_id":"661508191b7110970f00d975","createdAt":"2024-04-09T09:19:21.004Z","name":"azamat test project","updatedAt":"2024-04-09T09:19:21.004Z","user_id":"660d3ab82a7c401729d1a8b9"},"service":"project-service"}
{"level":"info","message":{"_id":"6615081e1b7110970f00d977","createdAt":"2024-04-09T09:19:26.464Z","name":"azamat test project2323","updatedAt":"2024-04-09T09:19:26.464Z","user_id":"660d3ab82a7c401729d1a8b9"},"service":"project-service"}
{"level":"info","message":{"_id":"6615090b427c94a705b187a4","createdAt":"2024-04-09T09:23:23.764Z","updatedAt":"2024-04-09T09:23:23.764Z"},"service":"project-service"}
{"level":"info","message":{"_id":"6615090b427c94a705b187a3","createdAt":"2024-04-09T09:23:23.764Z","name":"azamat test project2323","updatedAt":"2024-04-09T09:23:23.764Z","user_id":"660d3ab82a7c401729d1a8b9"},"service":"project-service"}
{"level":"info","message":{"_id":"66150913427c94a705b187a7","createdAt":"2024-04-09T09:23:31.319Z","name":"azamat test project2323","updatedAt":"2024-04-09T09:23:31.319Z","user_id":"660d3ab82a7c401729d1a8b9"},"service":"project-service"}
{"level":"info","message":{"_id":"66150913427c94a705b187a8","createdAt":"2024-04-09T09:23:31.320Z","updatedAt":"2024-04-09T09:23:31.320Z"},"service":"project-service"}
{"level":"info","message":{"_id":"6615092070b50e82beafc842","createdAt":"2024-04-09T09:23:44.380Z","name":"azamat test project2323","updatedAt":"2024-04-09T09:23:44.380Z","user_id":"660d3ab82a7c401729d1a8b9"},"service":"project-service"}
{"level":"info","message":{"_id":"661518dd9d449be6763561a0","createdAt":"2024-04-09T10:30:53.461Z","name":"azamat test project2323","updatedAt":"2024-04-09T10:30:53.461Z","user_id":"660d3ab82a7c401729d1a8b9"},"service":"project-service"}
